
Showing logs for build [32mjstrachan-bdd-gh-1583312861-mas-wf85w-2[0m stage [32mfrom-build-pack[0m and container [32mstep-credential-initializer-zq7x8[0m
{"level":"warn","ts":1583321188.855312,"logger":"fallback-logger","caller":"logging/config.go:69","msg":"Fetch GitHub commit ID from kodata failed: \"ref: refs/heads/0.8.0-**-support-backwards-incompats\" is not a valid GitHub commit ID"}
{"level":"info","ts":1583321188.8559432,"logger":"fallback-logger","caller":"creds-init/main.go:40","msg":"Credentials initialized."}

Showing logs for build [32mjstrachan-bdd-gh-1583312861-mas-wf85w-2[0m stage [32mfrom-build-pack[0m and container [32mstep-working-dir-initializer-gt9dj[0m
{"level":"warn","ts":1583321189.8666303,"logger":"fallback-logger","caller":"logging/config.go:69","msg":"Fetch GitHub commit ID from kodata failed: open /var/run/ko/HEAD: no such file or directory"}
{"level":"info","ts":1583321189.868363,"logger":"fallback-logger","caller":"bash/main.go:64","msg":"Successfully executed command \"sh -c mkdir -p /workspace/source\"; output "}

Showing logs for build [32mjstrachan-bdd-gh-1583312861-mas-wf85w-2[0m stage [32mfrom-build-pack[0m and container [32mstep-place-tools[0m

Showing logs for build [32mjstrachan-bdd-gh-1583312861-mas-wf85w-2[0m stage [32mfrom-build-pack[0m and container [32mstep-git-source-jstrachan-bdd-gh-1583312861-mas-wf85w-cqttp[0m
{"level":"warn","ts":1583321196.151603,"logger":"fallback-logger","caller":"logging/config.go:69","msg":"Fetch GitHub commit ID from kodata failed: \"ref: refs/heads/0.8.0-**-support-backwards-incompats\" is not a valid GitHub commit ID"}
{"level":"info","ts":1583321197.34338,"logger":"fallback-logger","caller":"git/git.go:103","msg":"Successfully cloned https://github.com/*********/bdd-gh-1583312861.git @ v0.0.2 in path /workspace/source"}

Showing logs for build [32mjstrachan-bdd-gh-1583312861-mas-wf85w-2[0m stage [32mfrom-build-pack[0m and container [32mstep-git-merge[0m
Using SHAs from PULL_REFS=master:
WARNING: no SHAs to merge, falling back to initial cloned commit

Showing logs for build [32mjstrachan-bdd-gh-1583312861-mas-wf85w-2[0m stage [32mfrom-build-pack[0m and container [32mstep-setup-jx-git-credentials[0m
failed to get helm version: failed to run 'helm version --short' command in directory '', output: 'Client: v2.14.3+g0e7f3b6
Error: could not find tiller'
old helm binary on the PATH so replacing with helm 3
Generated Git credentials file /workspace/xdg_config/git/credentials

Showing logs for build [32mjstrachan-bdd-gh-1583312861-mas-wf85w-2[0m stage [32mfrom-build-pack[0m and container [32mstep-build-make-build[0m
CGO_ENABLED=0 GO15VENDOREXPERIMENT=1 go build -ldflags '' -o bin/bdd-gh-1583312861 main.go

Showing logs for build [32mjstrachan-bdd-gh-1583312861-mas-wf85w-2[0m stage [32mfrom-build-pack[0m and container [32mstep-build-container-build[0m
ERROR: logging before flag.Parse: E0304 11:26:55.057385      14 metadata.go:241] Failed to unmarshal scopes: invalid character 'h' looking for beginning of value
[36mINFO[0m[0004] No base image, nothing to extract            
[36mINFO[0m[0004] cmd: EXPOSE                                  
[36mINFO[0m[0004] Adding exposed port: 8080/tcp                
[36mINFO[0m[0004] Using files from context: [/workspace/source/bin] 
[36mINFO[0m[0004] Skipping unpacking as no commands require it. 
[36mINFO[0m[0004] Taking snapshot of full filesystem...        
[36mINFO[0m[0005] EXPOSE 8080                                  
[36mINFO[0m[0005] cmd: EXPOSE                                  
[36mINFO[0m[0005] Adding exposed port: 8080/tcp                
[36mINFO[0m[0005] No files changed in this command, skipping snapshotting. 
[36mINFO[0m[0005] ENTRYPOINT ["/bdd-gh-1583312861"]            
[36mINFO[0m[0005] No files changed in this command, skipping snapshotting. 
[36mINFO[0m[0005] Using files from context: [/workspace/source/bin] 
[36mINFO[0m[0005] COPY ./bin/ /                                
[36mINFO[0m[0005] Taking snapshot of files...                  
2020/03/04 11:26:59 pushed blob: sha256:01818458311713c49a55fc4f0b7c2f949eab11a3ea53d54b0558ef0622d6efb4
2020/03/04 11:27:00 pushed blob: sha256:6d431f89cf1a067d511999dea62e0f539cbaf37a4bbf6ecbec4505e418b03365
2020/03/04 11:27:02 gcr.io/*********-multicluster/bdd-gh-1583312861:0.0.2: digest: sha256:5bf738a2ed1268fcb648c781090255d2a40a27006fcc9d9a48d3262f70ee87bc size: 428

Showing logs for build [32mjstrachan-bdd-gh-1583312861-mas-wf85w-2[0m stage [32mfrom-build-pack[0m and container [32mstep-build-post-build[0m
no CVE provider running in the current ** namespace so skip adding image to be analysed

Showing logs for build [32mjstrachan-bdd-gh-1583312861-mas-wf85w-2[0m stage [32mfrom-build-pack[0m and container [32mstep-promote-changelog[0m
Converted /workspace/source/charts/bdd-gh-1583312861 to an unshallow repository
Generating change log from git ref cd9b543467cedfcd7e87d40c67e6cdc0c8f2b871 => f5ca008894b18a36d3b3a37ceec72abaac252835
WARNING: No release found for *********/bdd-gh-1583312861 and tag v0.0.2 so creating a new release
Updated the release information at https://github.com/*********/bdd-gh-1583312861/releases/tag/v0.0.2
generated: /workspace/source/charts/bdd-gh-1583312861/templates/release.yaml
Created Release bdd-gh-1583312861-0-0-2 resource in namespace **
Updating PipelineActivity *********-bdd-gh-1583312861-master-2 with version 0.0.2
Updated PipelineActivities *********-bdd-gh-1583312861-master-2 with release notes URL: https://github.com/*********/bdd-gh-1583312861/releases/tag/v0.0.2

Showing logs for build [32mjstrachan-bdd-gh-1583312861-mas-wf85w-2[0m stage [32mfrom-build-pack[0m and container [32mstep-promote-helm-release[0m
WARNING: No $CHART_REPOSITORY defined so using the default value of: http://jenkins-x-chartmuseum:8080
Adding missing Helm repo: storage.googleapis.com https://storage.googleapis.com/chartmuseum.jenkins-x.io
Successfully added Helm repository storage.googleapis.com.
Adding missing Helm repo: jenkins-x-chartmuseum http://jenkins-x-chartmuseum:8080
Successfully added Helm repository jenkins-x-chartmuseum.
WARNING: No $CHART_REPOSITORY defined so using the default value of: http://jenkins-x-chartmuseum:8080
Uploading chart file bdd-gh-1583312861-0.0.2.tgz to http://jenkins-x-chartmuseum:8080/api/charts
Received 201 response: {"saved":true}

Showing logs for build [32mjstrachan-bdd-gh-1583312861-mas-wf85w-2[0m stage [32mfrom-build-pack[0m and container [32mstep-promote-jx-promote[0m
WARNING: prow based install so skip waiting for the merge of Pull Requests to go green as currently there is an issue with gettingstatuses from the PR, see https://github.com/jenkins-x/**/issues/2410
WARNING: No $CHART_REPOSITORY defined so using the default value of: http://jenkins-x-chartmuseum:8080
Promoting app bdd-gh-1583312861 version 0.0.2 to namespace **-staging
WARNING: 
Created Pull Request: https://github.com/*********/environment-multicluster-dev-staging/pull/2
Added label updatebot to Pull Request https://github.com/*********/environment-multicluster-dev-staging/pull/2
got git provider status pending from PR https://github.com/*********/environment-multicluster-dev-staging/pull/2
got git provider status pending from PR https://github.com/*********/environment-multicluster-dev-staging/pull/2
got git provider status pending from PR https://github.com/*********/environment-multicluster-dev-staging/pull/2
error: Pull request https://github.com/*********/environment-multicluster-dev-staging/pull/2 last commit has status failure for ref deb9145d7531f8f2c8206865f0c7b459bce600fa
[31m
Pipeline failed on stage 'from-build-pack' : container 'step-promote-jx-promote'. The execution of the pipeline has stopped.[0m
